<?xml version="1.0" encoding="UTF-8"?>
<!-- Generated by org.testng.reporters.JUnitReportReporter -->
<testsuite skipped="0" hostname="sarveswaran" name="AmazonProject" tests="1" failures="0" timestamp="28 Jul 2020 08:12:18 GMT" time="0.858" errors="0">
  <testcase name="test" time="0.858" classname="AmazonProject"/>
</testsuite> <!-- AmazonProject -->
